<?xml version="1.0" encoding="UTF-8" ?>
<testsuites>
  <testsuite errors="0" failures="1" hostname="SADHANA" id="0" name="RaceIntegrationTests" package="" tests="1" time="0.239" timestamp="2019-01-21T09:52:01">
      <properties />

      <testcase classname="RaceIntegrationTests" name="testRaceDatesBeforeToday" time="0.239">
          <failure message="junit.framework.AssertionFailedError: expecting to find an error on the StartDate Field" type="junit.framework.AssertionFailedError">junit.framework.AssertionFailedError: junit.framework.AssertionFailedError: expecting to find an error on the StartDate Field
	at RaceIntegrationTests.testRaceDatesBeforeToday(RaceIntegrationTests.groovy:19)
</failure>

      </testcase>

      <system-out><![CDATA[--Output from testRaceDatesBeforeToday--

 errors
grails.validation.ValidationErrors: 6 errors
Field error in object 'racetrack.Race' on field 'name': rejected value [null]; codes [racetrack.Race.name.nullable.error.racetrack.Race.name,racetrack.Race.name.nullable.error.name,racetrack.Race.name.nullable.error.java.lang.String,racetrack.Race.name.nullable.error,race.name.nullable.error.racetrack.Race.name,race.name.nullable.error.name,race.name.nullable.error.java.lang.String,race.name.nullable.error,racetrack.Race.name.nullable.racetrack.Race.name,racetrack.Race.name.nullable.name,racetrack.Race.name.nullable.java.lang.String,racetrack.Race.name.nullable,race.name.nullable.racetrack.Race.name,race.name.nullable.name,race.name.nullable.java.lang.String,race.name.nullable,nullable.racetrack.Race.name,nullable.name,nullable.java.lang.String,nullable]; arguments [name,class racetrack.Race]; default message [Property [{0}] of class [{1}] cannot be null]
Field error in object 'racetrack.Race' on field 'startDate': rejected value [Mon Jan 14 15:37:01 NPT 2019]; codes [racetrack.Race.startDate.validator.error.racetrack.Race.startDate,racetrack.Race.startDate.validator.error.startDate,racetrack.Race.startDate.validator.error.java.util.Date,racetrack.Race.startDate.validator.error,race.startDate.validator.error.racetrack.Race.startDate,race.startDate.validator.error.startDate,race.startDate.validator.error.java.util.Date,race.startDate.validator.error,racetrack.Race.startDate.validator.invalid.racetrack.Race.startDate,racetrack.Race.startDate.validator.invalid.startDate,racetrack.Race.startDate.validator.invalid.java.util.Date,racetrack.Race.startDate.validator.invalid,race.startDate.validator.invalid.racetrack.Race.startDate,race.startDate.validator.invalid.startDate,race.startDate.validator.invalid.java.util.Date,race.startDate.validator.invalid,validator.invalid.racetrack.Race.startDate,validator.invalid.startDate,validator.invalid.java.util.Date,validator.invalid]; arguments [startDate,class racetrack.Race,Mon Jan 14 15:37:01 NPT 2019]; default message [Property [{0}] of class [{1}] with value [{2}] does not pass custom validation]
Field error in object 'racetrack.Race' on field 'city': rejected value [null]; codes [racetrack.Race.city.nullable.error.racetrack.Race.city,racetrack.Race.city.nullable.error.city,racetrack.Race.city.nullable.error.java.lang.String,racetrack.Race.city.nullable.error,race.city.nullable.error.racetrack.Race.city,race.city.nullable.error.city,race.city.nullable.error.java.lang.String,race.city.nullable.error,racetrack.Race.city.nullable.racetrack.Race.city,racetrack.Race.city.nullable.city,racetrack.Race.city.nullable.java.lang.String,racetrack.Race.city.nullable,race.city.nullable.racetrack.Race.city,race.city.nullable.city,race.city.nullable.java.lang.String,race.city.nullable,nullable.racetrack.Race.city,nullable.city,nullable.java.lang.String,nullable]; arguments [city,class racetrack.Race]; default message [Property [{0}] of class [{1}] cannot be null]
Field error in object 'racetrack.Race' on field 'state': rejected value [null]; codes [racetrack.Race.state.nullable.error.racetrack.Race.state,racetrack.Race.state.nullable.error.state,racetrack.Race.state.nullable.error.java.lang.String,racetrack.Race.state.nullable.error,race.state.nullable.error.racetrack.Race.state,race.state.nullable.error.state,race.state.nullable.error.java.lang.String,race.state.nullable.error,racetrack.Race.state.nullable.racetrack.Race.state,racetrack.Race.state.nullable.state,racetrack.Race.state.nullable.java.lang.String,racetrack.Race.state.nullable,race.state.nullable.racetrack.Race.state,race.state.nullable.state,race.state.nullable.java.lang.String,race.state.nullable,nullable.racetrack.Race.state,nullable.state,nullable.java.lang.String,nullable]; arguments [state,class racetrack.Race]; default message [Property [{0}] of class [{1}] cannot be null]
Field error in object 'racetrack.Race' on field 'distance': rejected value [null]; codes [racetrack.Race.distance.nullable.error.racetrack.Race.distance,racetrack.Race.distance.nullable.error.distance,racetrack.Race.distance.nullable.error.java.math.BigDecimal,racetrack.Race.distance.nullable.error,race.distance.nullable.error.racetrack.Race.distance,race.distance.nullable.error.distance,race.distance.nullable.error.java.math.BigDecimal,race.distance.nullable.error,racetrack.Race.distance.nullable.racetrack.Race.distance,racetrack.Race.distance.nullable.distance,racetrack.Race.distance.nullable.java.math.BigDecimal,racetrack.Race.distance.nullable,race.distance.nullable.racetrack.Race.distance,race.distance.nullable.distance,race.distance.nullable.java.math.BigDecimal,race.distance.nullable,nullable.racetrack.Race.distance,nullable.distance,nullable.java.math.BigDecimal,nullable]; arguments [distance,class racetrack.Race]; default message [Property [{0}] of class [{1}] cannot be null]
Field error in object 'racetrack.Race' on field 'cost': rejected value [null]; codes [racetrack.Race.cost.nullable.error.racetrack.Race.cost,racetrack.Race.cost.nullable.error.cost,racetrack.Race.cost.nullable.error.java.math.BigDecimal,racetrack.Race.cost.nullable.error,race.cost.nullable.error.racetrack.Race.cost,race.cost.nullable.error.cost,race.cost.nullable.error.java.math.BigDecimal,race.cost.nullable.error,racetrack.Race.cost.nullable.racetrack.Race.cost,racetrack.Race.cost.nullable.cost,racetrack.Race.cost.nullable.java.math.BigDecimal,racetrack.Race.cost.nullable,race.cost.nullable.racetrack.Race.cost,race.cost.nullable.cost,race.cost.nullable.java.math.BigDecimal,race.cost.nullable,nullable.racetrack.Race.cost,nullable.cost,nullable.java.math.BigDecimal,nullable]; arguments [cost,class racetrack.Race]; default message [Property [{0}] of class [{1}] cannot be null]

 badField
Field error in object 'racetrack.Race' on field 'startDate': rejected value [Mon Jan 14 15:37:01 NPT 2019]; codes [racetrack.Race.startDate.validator.error.racetrack.Race.startDate,racetrack.Race.startDate.validator.error.startDate,racetrack.Race.startDate.validator.error.java.util.Date,racetrack.Race.startDate.validator.error,race.startDate.validator.error.racetrack.Race.startDate,race.startDate.validator.error.startDate,race.startDate.validator.error.java.util.Date,race.startDate.validator.error,racetrack.Race.startDate.validator.invalid.racetrack.Race.startDate,racetrack.Race.startDate.validator.invalid.startDate,racetrack.Race.startDate.validator.invalid.java.util.Date,racetrack.Race.startDate.validator.invalid,race.startDate.validator.invalid.racetrack.Race.startDate,race.startDate.validator.invalid.startDate,race.startDate.validator.invalid.java.util.Date,race.startDate.validator.invalid,validator.invalid.racetrack.Race.startDate,validator.invalid.startDate,validator.invalid.java.util.Date,validator.invalid]; arguments [startDate,class racetrack.Race,Mon Jan 14 15:37:01 NPT 2019]; default message [Property [{0}] of class [{1}] with value [{2}] does not pass custom validation]
]]></system-out>

      <system-err><![CDATA[--Output from testRaceDatesBeforeToday--
]]></system-err>

  </testsuite>
  <testsuite errors="0" failures="1" hostname="SADHANA" id="1" name="RaceSpec" package="racetrack" tests="1" time="1.242" timestamp="2019-01-21T09:51:45">
      <properties />

      <testcase classname="racetrack.RaceSpec" name="test something" time="1.206">
          <failure message="Condition not satisfied:&#xa;&#xa;3.124 == race.inMiles()&#xa;      |  |    |&#xa;      |  |    3.10700&#xa;      |  null, (null&#xa;      false&#xa;" type="junit.framework.AssertionFailedError">junit.framework.AssertionFailedError: Condition not satisfied:

3.124 == race.inMiles()
      |  |    |
      |  |    3.10700
      |  null, (null
      false

	at racetrack.RaceSpec.test something(RaceSpec.groovy:22)
</failure>

      </testcase>

      <system-out><![CDATA[--Output from test something--
]]></system-out>

      <system-err><![CDATA[--Output from test something--
]]></system-err>

  </testsuite>
</testsuites>
